#
# There is insufficient memory for the Java Runtime Environment to continue.
# Native memory allocation (malloc) failed to allocate 32744 bytes for ChunkPool::allocate
# Possible reasons:
#   The system is out of physical RAM or swap space
#   In 32 bit mode, the process size limit was hit
# Possible solutions:
#   Reduce memory load on the system
#   Increase physical memory or swap space
#   Check if swap backing store is full
#   Use 64 bit Java on a 64 bit OS
#   Decrease Java heap size (-Xmx/-Xms)
#   Decrease number of Java threads
#   Decrease Java thread stack sizes (-Xss)
#   Set larger code cache with -XX:ReservedCodeCacheSize=
# This output file may be truncated or incomplete.
#
#  Out of Memory Error (allocation.cpp:273), pid=9252, tid=8500
#
# JRE version: Java(TM) SE Runtime Environment (8.0_45-b15) (build 1.8.0_45-b15)
# Java VM: Java HotSpot(TM) 64-Bit Server VM (25.45-b02 mixed mode windows-amd64 compressed oops)
# Failed to write core dump. Minidumps are not enabled by default on client versions of Windows
#

---------------  T H R E A D  ---------------

Current thread (0x0000000002102800):  JavaThread "main" [_thread_in_native, id=8500, stack(0x0000000001e40000,0x0000000001f40000)]

Stack: [0x0000000001e40000,0x0000000001f40000]
Native frames: (J=compiled Java code, j=interpreted, Vv=VM code, C=native code)
V  [jvm.dll+0x32b57a]
V  [jvm.dll+0x279873]
V  [jvm.dll+0x27a509]
V  [jvm.dll+0x271825]
V  [jvm.dll+0xcb804]
V  [jvm.dll+0xcba27]
V  [jvm.dll+0xcbeac]
V  [jvm.dll+0x5ede6]
V  [jvm.dll+0x5ef17]
V  [jvm.dll+0x5f273]
V  [jvm.dll+0x7b4b9]
V  [jvm.dll+0x7bd97]
V  [jvm.dll+0x7d466]
V  [jvm.dll+0x7d4bd]
V  [jvm.dll+0xf5b33]
V  [jvm.dll+0xb9c83]
V  [jvm.dll+0xc08aa]
V  [jvm.dll+0xc235d]
V  [jvm.dll+0xba7e6]
C  0x000000000222210c

Java frames: (J=compiled Java code, j=interpreted, Vv=VM code)
j  java.util.jar.JarFile.initializeVerifier()V+42
j  java.util.jar.JarFile.getInputStream(Ljava/util/zip/ZipEntry;)Ljava/io/InputStream;+25
j  sun.misc.URLClassPath$JarLoader$2.getInputStream()Ljava/io/InputStream;+11
j  sun.misc.Resource.cachedInputStream()Ljava/io/InputStream;+9
j  sun.misc.Resource.getByteBuffer()Ljava/nio/ByteBuffer;+1
j  java.net.URLClassLoader.defineClass(Ljava/lang/String;Lsun/misc/Resource;)Ljava/lang/Class;+50
j  java.net.URLClassLoader.access$100(Ljava/net/URLClassLoader;Ljava/lang/String;Lsun/misc/Resource;)Ljava/lang/Class;+3
j  java.net.URLClassLoader$1.run()Ljava/lang/Class;+43
j  java.net.URLClassLoader$1.run()Ljava/lang/Object;+1
v  ~StubRoutines::call_stub
j  java.security.AccessController.doPrivileged(Ljava/security/PrivilegedExceptionAction;Ljava/security/AccessControlContext;)Ljava/lang/Object;+0
j  java.net.URLClassLoader.findClass(Ljava/lang/String;)Ljava/lang/Class;+13
j  java.lang.ClassLoader.loadClass(Ljava/lang/String;Z)Ljava/lang/Class;+70
j  sun.misc.Launcher$AppClassLoader.loadClass(Ljava/lang/String;Z)Ljava/lang/Class;+81
j  java.lang.ClassLoader.loadClass(Ljava/lang/String;)Ljava/lang/Class;+3
j  sun.launcher.LauncherHelper.checkAndLoadMain(ZILjava/lang/String;)Ljava/lang/Class;+93
v  ~StubRoutines::call_stub

---------------  P R O C E S S  ---------------

Java Threads: ( => current thread )
  0x0000000016123000 JavaThread "Service Thread" daemon [_thread_blocked, id=2440, stack(0x0000000016520000,0x0000000016620000)]
  0x000000001492d800 JavaThread "C1 CompilerThread2" daemon [_thread_blocked, id=6312, stack(0x0000000016020000,0x0000000016120000)]
  0x00000000148d5000 JavaThread "C2 CompilerThread1" daemon [_thread_blocked, id=8956, stack(0x0000000015f20000,0x0000000016020000)]
  0x00000000148d2800 JavaThread "C2 CompilerThread0" daemon [_thread_blocked, id=7332, stack(0x0000000015e20000,0x0000000015f20000)]
  0x00000000148d1000 JavaThread "Attach Listener" daemon [_thread_blocked, id=2404, stack(0x0000000015d20000,0x0000000015e20000)]
  0x00000000148cd800 JavaThread "Signal Dispatcher" daemon [_thread_blocked, id=9472, stack(0x0000000015c20000,0x0000000015d20000)]
  0x00000000021f2800 JavaThread "Finalizer" daemon [_thread_blocked, id=3372, stack(0x0000000015b20000,0x0000000015c20000)]
  0x00000000021ef800 JavaThread "Reference Handler" daemon [_thread_blocked, id=1832, stack(0x0000000015a20000,0x0000000015b20000)]
=>0x0000000002102800 JavaThread "main" [_thread_in_native, id=8500, stack(0x0000000001e40000,0x0000000001f40000)]

Other Threads:
  0x0000000014899800 VMThread [stack: 0x0000000015920000,0x0000000015a20000] [id=7304]
  0x0000000016124000 WatcherThread [stack: 0x0000000016620000,0x0000000016720000] [id=540]

VM state:not at safepoint (normal execution)

VM Mutex/Monitor currently owned by a thread: None

Heap:
 PSYoungGen      total 38400K, used 1996K [0x00000000eab00000, 0x00000000ed580000, 0x0000000100000000)
  eden space 33280K, 6% used [0x00000000eab00000,0x00000000eacf33f8,0x00000000ecb80000)
  from space 5120K, 0% used [0x00000000ed080000,0x00000000ed080000,0x00000000ed580000)
  to   space 5120K, 0% used [0x00000000ecb80000,0x00000000ecb80000,0x00000000ed080000)
 ParOldGen       total 87552K, used 0K [0x00000000c0000000, 0x00000000c5580000, 0x00000000eab00000)
  object space 87552K, 0% used [0x00000000c0000000,0x00000000c0000000,0x00000000c5580000)
 Metaspace       used 2696K, capacity 4480K, committed 4480K, reserved 1056768K
  class space    used 294K, capacity 384K, committed 384K, reserved 1048576K

Card table byte_map: [0x00000000115c0000,0x00000000117d0000] byte_map_base: 0x0000000010fc0000

Marking Bits: (ParMarkBitMap*) 0x0000000071424040
 Begin Bits: [0x0000000011d30000, 0x0000000012d30000)
 End Bits:   [0x0000000012d30000, 0x0000000013d30000)

Polling page: 0x0000000001f40000

CodeCache: size=245760Kb used=1111Kb max_used=1111Kb free=244648Kb
 bounds [0x0000000002200000, 0x0000000002470000, 0x0000000011200000]
 total_blobs=262 nmethods=20 adapters=156
 compilation: enabled

Compilation events (3 events):
Event: 2.574 Thread 0x000000001492d800    2       3       java.lang.String::hashCode (55 bytes)
Event: 2.575 Thread 0x000000001492d800 nmethod 2 0x000000000230b550 code [0x000000000230b6c0, 0x000000000230b950]
Event: 2.575 Thread 0x000000001492d800   18       3       java.io.DataInputStream::readUTF (501 bytes)

GC Heap History (0 events):
No events

Deoptimization events (0 events):
No events

Internal exceptions (2 events):
Event: 1.811 Thread 0x0000000002102800 Exception <a 'java/lang/NoSuchMethodError': Method sun.misc.Unsafe.defineClass(Ljava/lang/String;[BII)Ljava/lang/Class; name or signature does not match> (0x00000000eab12f28) thrown at [C:\re\workspace\8-2-build-windows-amd64-cygwin\jdk8u45\3627\hotspot\sr©D¶ ªøü?
Event: 1.811 Thread 0x0000000002102800 Exception <a 'java/lang/NoSuchMethodError': Method sun.misc.Unsafe.prefetchRead(Ljava/lang/Object;J)V name or signature does not match> (0x00000000eab131b8) thrown at [C:\re\workspace\8-2-build-windows-amd64-cygwin\jdk8u45\3627\hotspot\src\share\vm\prims\j

Events (10 events):
Event: 2.574 loading class java/util/jar/JarVerifier done
Event: 2.574 loading class java/security/CodeSigner
Event: 2.574 loading class java/security/CodeSigner done
Event: 2.574 loading class java/util/jar/JarVerifier$3
Event: 2.575 loading class java/util/jar/JarVerifier$3 done
Event: 2.575 loading class java/io/ByteArrayOutputStream
Event: 2.575 loading class java/io/ByteArrayOutputStream done
Event: 2.575 loading class java/lang/Package
Event: 2.575 loading class java/lang/Package done
Event: 2.576 loading class sun/security/util/SignatureFileVerifier


Dynamic libraries:
0x00007ff61eb70000 - 0x00007ff61eba7000 	C:\Program Files\Java\jdk1.8.0_45\bin\java.exe
0x00007ff956a90000 - 0x00007ff956c51000 	C:\WINDOWS\SYSTEM32\ntdll.dll
0x00007ff954510000 - 0x00007ff9545bd000 	C:\WINDOWS\system32\KERNEL32.DLL
0x00007ff953510000 - 0x00007ff9536f8000 	C:\WINDOWS\system32\KERNELBASE.dll
0x00007ff953ff0000 - 0x00007ff954097000 	C:\WINDOWS\system32\ADVAPI32.dll
0x00007ff9553b0000 - 0x00007ff95544d000 	C:\WINDOWS\system32\msvcrt.dll
0x00007ff954f70000 - 0x00007ff954fcb000 	C:\WINDOWS\system32\sechost.dll
0x00007ff954fd0000 - 0x00007ff9550ec000 	C:\WINDOWS\system32\RPCRT4.dll
0x00007ff954670000 - 0x00007ff9547c6000 	C:\WINDOWS\system32\USER32.dll
0x00007ff9540a0000 - 0x00007ff954226000 	C:\WINDOWS\system32\GDI32.dll
0x00007ff94d290000 - 0x00007ff94d504000 	C:\WINDOWS\WinSxS\amd64_microsoft.windows.common-controls_6595b64144ccf1df_6.0.10586.0_none_8c15ae12515e1c22\COMCTL32.dll
0x00007ff9550f0000 - 0x00007ff95536d000 	C:\WINDOWS\system32\combase.dll
0x00007ff953700000 - 0x00007ff95376a000 	C:\WINDOWS\system32\bcryptPrimitives.dll
0x00007ff955370000 - 0x00007ff9553ab000 	C:\WINDOWS\system32\IMM32.DLL
0x00007ff952f80000 - 0x00007ff952fb1000 	C:\Windows\system32\nvinitx.dll
0x00007ff952f70000 - 0x00007ff952f7a000 	C:\WINDOWS\SYSTEM32\VERSION.dll
0x00000000714b0000 - 0x0000000071582000 	C:\Program Files\Java\jdk1.8.0_45\jre\bin\msvcr100.dll
0x0000000070c20000 - 0x00000000714a3000 	C:\Program Files\Java\jdk1.8.0_45\jre\bin\server\jvm.dll
0x00007ff9547d0000 - 0x00007ff9547d8000 	C:\WINDOWS\system32\PSAPI.DLL
0x00007ff9433a0000 - 0x00007ff9433a9000 	C:\WINDOWS\SYSTEM32\WSOCK32.dll
0x00007ff954990000 - 0x00007ff9549fb000 	C:\WINDOWS\system32\WS2_32.dll
0x00007ff951260000 - 0x00007ff951283000 	C:\WINDOWS\SYSTEM32\WINMM.dll
0x00007ff951230000 - 0x00007ff95125c000 	C:\WINDOWS\SYSTEM32\WINMMBASE.dll
0x00007ff9533b0000 - 0x00007ff9533f3000 	C:\WINDOWS\system32\cfgmgr32.dll
0x0000000072210000 - 0x000000007221f000 	C:\Program Files\Java\jdk1.8.0_45\jre\bin\verify.dll
0x00000000721e0000 - 0x0000000072209000 	C:\Program Files\Java\jdk1.8.0_45\jre\bin\java.dll
0x0000000070c00000 - 0x0000000070c16000 	C:\Program Files\Java\jdk1.8.0_45\jre\bin\zip.dll
0x00007ff9554b0000 - 0x00007ff956a0c000 	C:\WINDOWS\system32\SHELL32.dll
0x00007ff953820000 - 0x00007ff953e65000 	C:\WINDOWS\system32\windows.storage.dll
0x00007ff956a30000 - 0x00007ff956a82000 	C:\WINDOWS\system32\shlwapi.dll
0x00007ff953110000 - 0x00007ff95311f000 	C:\WINDOWS\system32\kernel.appcore.dll
0x00007ff9532f0000 - 0x00007ff9533a5000 	C:\WINDOWS\system32\shcore.dll
0x00007ff9530c0000 - 0x00007ff95310b000 	C:\WINDOWS\system32\powrprof.dll
0x00007ff9530a0000 - 0x00007ff9530b4000 	C:\WINDOWS\system32\profapi.dll
0x00007ff92a640000 - 0x00007ff92a7cc000 	C:\WINDOWS\SYSTEM32\dbghelp.dll

VM Arguments:
jvm_args: -Djava.awt.headless=true -Xmx1024M -Dfile.encoding=windows-1251 -Duser.country=RU -Duser.language=ru -Duser.variant 
java_command: com.android.dx.command.Main --dex --force-jumbo --num-threads=4 --multi-dex --output C:\Users\digsan\AndroidStudioProjects\GitHubRx\app\build\intermediates\transforms\dex\debug\folders\1000\5\slice_6 C:\Users\digsan\AndroidStudioProjects\GitHubRx\app\build\intermediates\transforms\instantRunSlicer\debug\folders\1\5\slice_6
java_class_path (initial): C:\Users\digsan\AppData\Local\Android\sdk\build-tools\23.0.3\lib\dx.jar
Launcher Type: SUN_STANDARD

Environment Variables:
PATH=C:\Program Files (x86)\iis express\PHP\v5.4;C:\Program Files (x86)\Intel\iCLS Client\;C:\Program Files\Intel\iCLS Client\;C:\Program Files (x86)\iis express\PHP\v5.4;C:\Users\digsan\AppData\Local\Yandex\YandexBrowser\Application;C:\Program Files (x86)\Common Files\Microsoft Shared\Windows Live;C:\ProgramData\Oracle\Java\javapath;C:\Windows\system32;C:\Windows;C:\Windows\System32\Wbem;C:\Windows\System32\WindowsPowerShell\v1.0\;C:\Program Files (x86)\Intel\OpenCL SDK\2.0\bin\x86;C:\Program Files (x86)\Intel\OpenCL SDK\2.0\bin\x64;C:\Program Files (x86)\Autodesk\Backburner\;C:\Program Files\Common Files\Autodesk Shared\;C:\Program Files (x86)\Microsoft SQL Server\100\Tools\Binn\;C:\Program Files\Microsoft SQL Server\100\Tools\Binn\;C:\Program Files\Microsoft SQL Server\100\DTS\Binn\;C:\Program Files (x86)\Microsoft SQL Server\100\Tools\Binn\VSShell\Common7\IDE\;C:\Program Files (x86)\Microsoft Visual Studio 9.0\Common7\IDE\PrivateAssemblies\;C:\Program Files (x86)\Microsoft SQL Server\100\DTS\Binn\;C:\Program F;C:\Program Files\MySQL\MySQL Server 5.1\bin;C:\Program Files\Microsoft SQL Server\130\Tools\Binn\;C:\Program Files (x86)\Windows Kits\10\Windows Performance Toolkit\;C:\Program Files\Git\cmd;C:\Program Files (x86)\Skype\Phone\;C:\Program Files (x86)\Microsoft Emulator Manager\1.0\;C:\Program Files\dotnet\;C:\Users\digsan\.dnx\bin;C:\Program Files (x86)\Common Files\Microsoft Shared\Windows Live
USERNAME=digsan
OS=Windows_NT
PROCESSOR_IDENTIFIER=Intel64 Family 6 Model 58 Stepping 9, GenuineIntel



---------------  S Y S T E M  ---------------

OS: Windows 10.0 , 64 bit Build 10586 (10.0.10586.0)

CPU:total 4 (2 cores per cpu, 2 threads per core) family 6 model 58 stepping 9, cmov, cx8, fxsr, mmx, sse, sse2, sse3, ssse3, sse4.1, sse4.2, popcnt, avx, aes, clmul, erms, ht, tsc, tscinvbit, tscinv

Memory: 4k page, physical 8276464k(871404k free), swap 12421616k(250880k free)

vm_info: Java HotSpot(TM) 64-Bit Server VM (25.45-b02) for windows-amd64 JRE (1.8.0_45-b15), built on Apr 30 2015 12:40:44 by "java_re" with MS VC++ 10.0 (VS2010)

time: Sat Sep 10 20:14:47 2016
elapsed time: 2 seconds (0d 0h 0m 2s)

