#
# There is insufficient memory for the Java Runtime Environment to continue.
# Native memory allocation (malloc) failed to allocate 262160 bytes for Chunk::new
# Possible reasons:
#   The system is out of physical RAM or swap space
#   In 32 bit mode, the process size limit was hit
# Possible solutions:
#   Reduce memory load on the system
#   Increase physical memory or swap space
#   Check if swap backing store is full
#   Use 64 bit Java on a 64 bit OS
#   Decrease Java heap size (-Xmx/-Xms)
#   Decrease number of Java threads
#   Decrease Java thread stack sizes (-Xss)
#   Set larger code cache with -XX:ReservedCodeCacheSize=
# This output file may be truncated or incomplete.
#
#  Out of Memory Error (allocation.cpp:390), pid=1680, tid=6568
#
# JRE version: Java(TM) SE Runtime Environment (8.0_45-b15) (build 1.8.0_45-b15)
# Java VM: Java HotSpot(TM) 64-Bit Server VM (25.45-b02 mixed mode windows-amd64 compressed oops)
# Failed to write core dump. Minidumps are not enabled by default on client versions of Windows
#

---------------  T H R E A D  ---------------

Current thread (0x0000000014a82800):  JavaThread "C2 CompilerThread0" daemon [_thread_in_native, id=6568, stack(0x0000000016000000,0x0000000016100000)]

Stack: [0x0000000016000000,0x0000000016100000]
Native frames: (J=compiled Java code, j=interpreted, Vv=VM code, C=native code)
V  [jvm.dll+0x32b57a]


Current CompileTask:
C2:  13079 1993       4       com.android.dx.dex.code.OutputFinisher::addConstants (93 bytes)


---------------  P R O C E S S  ---------------

Java Threads: ( => current thread )
  0x00000000164fa000 JavaThread "pool-1-thread-1" [_thread_in_Java, id=7704, stack(0x00000000185d0000,0x00000000186d0000)]
  0x0000000014ade000 JavaThread "Service Thread" daemon [_thread_blocked, id=7320, stack(0x0000000016700000,0x0000000016800000)]
  0x0000000016208800 JavaThread "C1 CompilerThread2" daemon [_thread_blocked, id=8424, stack(0x0000000016600000,0x0000000016700000)]
  0x0000000014a85000 JavaThread "C2 CompilerThread1" daemon [_thread_in_native, id=10828, stack(0x0000000016100000,0x0000000016200000)]
=>0x0000000014a82800 JavaThread "C2 CompilerThread0" daemon [_thread_in_native, id=6568, stack(0x0000000016000000,0x0000000016100000)]
  0x0000000014a81000 JavaThread "Attach Listener" daemon [_thread_blocked, id=1900, stack(0x0000000015f00000,0x0000000016000000)]
  0x0000000014a7e000 JavaThread "Signal Dispatcher" daemon [_thread_blocked, id=2760, stack(0x0000000015e00000,0x0000000015f00000)]
  0x00000000023a4000 JavaThread "Finalizer" daemon [_thread_blocked, id=9940, stack(0x0000000015d00000,0x0000000015e00000)]
  0x00000000023a0800 JavaThread "Reference Handler" daemon [_thread_blocked, id=700, stack(0x0000000015c00000,0x0000000015d00000)]
  0x00000000022b2800 JavaThread "main" [_thread_blocked, id=8840, stack(0x00000000021b0000,0x00000000022b0000)]

Other Threads:
  0x0000000014a49800 VMThread [stack: 0x0000000015b00000,0x0000000015c00000] [id=2196]
  0x0000000016222800 WatcherThread [stack: 0x0000000016800000,0x0000000016900000] [id=6868]

VM state:not at safepoint (normal execution)

VM Mutex/Monitor currently owned by a thread: None

Heap:
 PSYoungGen      total 71680K, used 18487K [0x00000000eab00000, 0x00000000ef600000, 0x0000000100000000)
  eden space 66560K, 20% used [0x00000000eab00000,0x00000000eb8151c0,0x00000000eec00000)
  from space 5120K, 99% used [0x00000000eec00000,0x00000000ef0f8b08,0x00000000ef100000)
  to   space 5120K, 0% used [0x00000000ef100000,0x00000000ef100000,0x00000000ef600000)
 ParOldGen       total 87552K, used 15556K [0x00000000c0000000, 0x00000000c5580000, 0x00000000eab00000)
  object space 87552K, 17% used [0x00000000c0000000,0x00000000c0f31218,0x00000000c5580000)
 Metaspace       used 6311K, capacity 7152K, committed 7296K, reserved 1056768K
  class space    used 598K, capacity 616K, committed 640K, reserved 1048576K

Card table byte_map: [0x0000000011770000,0x0000000011980000] byte_map_base: 0x0000000011170000

Marking Bits: (ParMarkBitMap*) 0x0000000071424040
 Begin Bits: [0x0000000011ee0000, 0x0000000012ee0000)
 End Bits:   [0x0000000012ee0000, 0x0000000013ee0000)

Polling page: 0x0000000000510000

CodeCache: size=245760Kb used=8820Kb max_used=8827Kb free=236939Kb
 bounds [0x00000000023b0000, 0x0000000002c60000, 0x00000000113b0000]
 total_blobs=2168 nmethods=1898 adapters=182
 compilation: enabled

Compilation events (10 events):
Event: 13.025 Thread 0x0000000016208800 1994       3       com.android.dx.dex.file.CodeItem::addContents (174 bytes)
Event: 13.027 Thread 0x0000000016208800 nmethod 1994 0x0000000002c4ed10 code [0x0000000002c4f020, 0x0000000002c50918]
Event: 13.029 Thread 0x0000000014a82800 nmethod 1973 0x0000000002c4e6d0 code [0x0000000002c4e820, 0x0000000002c4eab8]
Event: 13.029 Thread 0x0000000014a82800 1993       4       com.android.dx.dex.code.OutputFinisher::addConstants (93 bytes)
Event: 13.031 Thread 0x0000000016208800 1997       3       java.util.HashMap::keySet (27 bytes)
Event: 13.032 Thread 0x0000000016208800 nmethod 1997 0x0000000002c4dfd0 code [0x0000000002c4e160, 0x0000000002c4e510]
Event: 13.032 Thread 0x0000000016208800 1998       3       java.util.HashMap$KeySet::iterator (12 bytes)
Event: 13.032 Thread 0x0000000016208800 nmethod 1998 0x0000000002c4db10 code [0x0000000002c4dc80, 0x0000000002c4dee8]
Event: 13.035 Thread 0x0000000016208800 1999       3       com.android.dx.dex.file.DebugInfoItem::<init> (36 bytes)
Event: 13.035 Thread 0x0000000016208800 nmethod 1999 0x0000000002c56890 code [0x0000000002c56a00, 0x0000000002c56cd8]

GC Heap History (6 events):
Event: 3.074 GC heap before
{Heap before GC invocations=1 (full 0):
 PSYoungGen      total 38400K, used 33280K [0x00000000eab00000, 0x00000000ed580000, 0x0000000100000000)
  eden space 33280K, 100% used [0x00000000eab00000,0x00000000ecb80000,0x00000000ecb80000)
  from space 5120K, 0% used [0x00000000ed080000,0x00000000ed080000,0x00000000ed580000)
  to   space 5120K, 0% used [0x00000000ecb80000,0x00000000ecb80000,0x00000000ed080000)
 ParOldGen       total 87552K, used 0K [0x00000000c0000000, 0x00000000c5580000, 0x00000000eab00000)
  object space 87552K, 0% used [0x00000000c0000000,0x00000000c0000000,0x00000000c5580000)
 Metaspace       used 5954K, capacity 6896K, committed 7040K, reserved 1056768K
  class space    used 590K, capacity 616K, committed 640K, reserved 1048576K
Event: 3.755 GC heap after
Heap after GC invocations=1 (full 0):
 PSYoungGen      total 38400K, used 5095K [0x00000000eab00000, 0x00000000ef600000, 0x0000000100000000)
  eden space 33280K, 0% used [0x00000000eab00000,0x00000000eab00000,0x00000000ecb80000)
  from space 5120K, 99% used [0x00000000ecb80000,0x00000000ed079c98,0x00000000ed080000)
  to   space 5120K, 0% used [0x00000000ef100000,0x00000000ef100000,0x00000000ef600000)
 ParOldGen       total 87552K, used 1465K [0x00000000c0000000, 0x00000000c5580000, 0x00000000eab00000)
  object space 87552K, 1% used [0x00000000c0000000,0x00000000c016e6e0,0x00000000c5580000)
 Metaspace       used 5954K, capacity 6896K, committed 7040K, reserved 1056768K
  class space    used 590K, capacity 616K, committed 640K, reserved 1048576K
}
Event: 5.143 GC heap before
{Heap before GC invocations=2 (full 0):
 PSYoungGen      total 38400K, used 38375K [0x00000000eab00000, 0x00000000ef600000, 0x0000000100000000)
  eden space 33280K, 100% used [0x00000000eab00000,0x00000000ecb80000,0x00000000ecb80000)
  from space 5120K, 99% used [0x00000000ecb80000,0x00000000ed079c98,0x00000000ed080000)
  to   space 5120K, 0% used [0x00000000ef100000,0x00000000ef100000,0x00000000ef600000)
 ParOldGen       total 87552K, used 1465K [0x00000000c0000000, 0x00000000c5580000, 0x00000000eab00000)
  object space 87552K, 1% used [0x00000000c0000000,0x00000000c016e6e0,0x00000000c5580000)
 Metaspace       used 6168K, capacity 7088K, committed 7296K, reserved 1056768K
  class space    used 592K, capacity 616K, committed 640K, reserved 1048576K
Event: 5.967 GC heap after
Heap after GC invocations=2 (full 0):
 PSYoungGen      total 71680K, used 5104K [0x00000000eab00000, 0x00000000ef600000, 0x0000000100000000)
  eden space 66560K, 0% used [0x00000000eab00000,0x00000000eab00000,0x00000000eec00000)
  from space 5120K, 99% used [0x00000000ef100000,0x00000000ef5fc208,0x00000000ef600000)
  to   space 5120K, 0% used [0x00000000eec00000,0x00000000eec00000,0x00000000ef100000)
 ParOldGen       total 87552K, used 6044K [0x00000000c0000000, 0x00000000c5580000, 0x00000000eab00000)
  object space 87552K, 6% used [0x00000000c0000000,0x00000000c05e7030,0x00000000c5580000)
 Metaspace       used 6168K, capacity 7088K, committed 7296K, reserved 1056768K
  class space    used 592K, capacity 616K, committed 640K, reserved 1048576K
}
Event: 9.683 GC heap before
{Heap before GC invocations=3 (full 0):
 PSYoungGen      total 71680K, used 71664K [0x00000000eab00000, 0x00000000ef600000, 0x0000000100000000)
  eden space 66560K, 100% used [0x00000000eab00000,0x00000000eec00000,0x00000000eec00000)
  from space 5120K, 99% used [0x00000000ef100000,0x00000000ef5fc208,0x00000000ef600000)
  to   space 5120K, 0% used [0x00000000eec00000,0x00000000eec00000,0x00000000ef100000)
 ParOldGen       total 87552K, used 6044K [0x00000000c0000000, 0x00000000c5580000, 0x00000000eab00000)
  object space 87552K, 6% used [0x00000000c0000000,0x00000000c05e7030,0x00000000c5580000)
 Metaspace       used 6230K, capacity 7152K, committed 7296K, reserved 1056768K
  class space    used 593K, capacity 616K, committed 640K, reserved 1048576K
Event: 10.033 GC heap after
Heap after GC invocations=3 (full 0):
 PSYoungGen      total 71680K, used 5090K [0x00000000eab00000, 0x00000000ef600000, 0x0000000100000000)
  eden space 66560K, 0% used [0x00000000eab00000,0x00000000eab00000,0x00000000eec00000)
  from space 5120K, 99% used [0x00000000eec00000,0x00000000ef0f8b08,0x00000000ef100000)
  to   space 5120K, 0% used [0x00000000ef100000,0x00000000ef100000,0x00000000ef600000)
 ParOldGen       total 87552K, used 15556K [0x00000000c0000000, 0x00000000c5580000, 0x00000000eab00000)
  object space 87552K, 17% used [0x00000000c0000000,0x00000000c0f31218,0x00000000c5580000)
 Metaspace       used 6230K, capacity 7152K, committed 7296K, reserved 1056768K
  class space    used 593K, capacity 616K, committed 640K, reserved 1048576K
}

Deoptimization events (10 events):
Event: 10.038 Thread 0x00000000022b2800 Uncommon trap: reason=class_check action=maybe_recompile pc=0x0000000002b82dec method=com.android.dx.cf.code.BytecodeArray.parseInstruction(ILcom/android/dx/cf/code/BytecodeArray$Visitor;)I @ 2032
Event: 11.481 Thread 0x0000000016471000 Uncommon trap: reason=bimorphic action=maybe_recompile pc=0x0000000002b8161c method=com.android.dx.cf.code.BytecodeArray.parseInstruction(ILcom/android/dx/cf/code/BytecodeArray$Visitor;)I @ 1549
Event: 11.481 Thread 0x0000000016471000 Uncommon trap: reason=class_check action=maybe_recompile pc=0x0000000002b82dec method=com.android.dx.cf.code.BytecodeArray.parseInstruction(ILcom/android/dx/cf/code/BytecodeArray$Visitor;)I @ 2032
Event: 11.481 Thread 0x0000000016471000 Uncommon trap: reason=class_check action=maybe_recompile pc=0x0000000002b82dec method=com.android.dx.cf.code.BytecodeArray.parseInstruction(ILcom/android/dx/cf/code/BytecodeArray$Visitor;)I @ 2032
Event: 11.515 Thread 0x0000000016471000 Uncommon trap: reason=unstable_if action=reinterpret pc=0x0000000002a34c40 method=java.util.HashMap.putVal(ILjava/lang/Object;Ljava/lang/Object;ZZ)Ljava/lang/Object; @ 94
Event: 12.978 Thread 0x00000000164fa000 Uncommon trap: reason=class_check action=maybe_recompile pc=0x000000000290c088 method=java.util.Arrays.hashCode([Ljava/lang/Object;)I @ 43
Event: 12.979 Thread 0x00000000164fa000 Uncommon trap: reason=class_check action=maybe_recompile pc=0x000000000290c088 method=java.util.Arrays.hashCode([Ljava/lang/Object;)I @ 43
Event: 12.979 Thread 0x00000000164fa000 Uncommon trap: reason=class_check action=maybe_recompile pc=0x000000000290c088 method=java.util.Arrays.hashCode([Ljava/lang/Object;)I @ 43
Event: 12.979 Thread 0x00000000164fa000 Uncommon trap: reason=class_check action=maybe_recompile pc=0x000000000290c088 method=java.util.Arrays.hashCode([Ljava/lang/Object;)I @ 43
Event: 12.979 Thread 0x00000000164fa000 Uncommon trap: reason=class_check action=maybe_recompile pc=0x0000000002897128 method=java.util.Arrays.hashCode([Ljava/lang/Object;)I @ 43

Internal exceptions (8 events):
Event: 0.043 Thread 0x00000000022b2800 Exception <a 'java/lang/NoSuchMethodError': Method sun.misc.Unsafe.defineClass(Ljava/lang/String;[BII)Ljava/lang/Class; name or signature does not match> (0x00000000eab12ea0) thrown at [C:\re\workspace\8-2-build-windows-amd64-cygwin\jdk8u45\3627\hotspot\sr;,ùûO¶?
Event: 0.044 Thread 0x00000000022b2800 Exception <a 'java/lang/NoSuchMethodError': Method sun.misc.Unsafe.prefetchRead(Ljava/lang/Object;J)V name or signature does not match> (0x00000000eab13130) thrown at [C:\re\workspace\8-2-build-windows-amd64-cygwin\jdk8u45\3627\hotspot\src\share\vm\prims\jl2Ωúü@
Event: 2.328 Thread 0x0000000016471000 Implicit null exception at 0x000000000273f8e2 to 0x000000000273f9e1
Event: 2.331 Thread 0x00000000022b2800 Implicit null exception at 0x0000000002738151 to 0x000000000273a40d
Event: 7.489 Thread 0x00000000164bb800 Implicit null exception at 0x000000000272b74d to 0x000000000272da3d
Event: 9.089 Thread 0x0000000016472800 Implicit null exception at 0x0000000002a865c1 to 0x0000000002a88071
Event: 9.090 Thread 0x0000000016472800 Implicit null exception at 0x0000000002a49580 to 0x0000000002a4b14d
Event: 9.093 Thread 0x0000000016472800 Implicit null exception at 0x000000000293eb58 to 0x000000000293ecc5

Events (10 events):
Event: 12.979 Thread 0x00000000164fa000 DEOPT PACKING pc=0x000000000290c088 sp=0x00000000186ce990
Event: 12.979 Thread 0x00000000164fa000 DEOPT UNPACKING pc=0x00000000023f582a sp=0x00000000186ce8c0 mode 2
Event: 12.979 Thread 0x00000000164fa000 Uncommon trap: trap_request=0xffffffde fr.pc=0x000000000290c088
Event: 12.979 Thread 0x00000000164fa000 DEOPT PACKING pc=0x000000000290c088 sp=0x00000000186ce930
Event: 12.979 Thread 0x00000000164fa000 DEOPT UNPACKING pc=0x00000000023f582a sp=0x00000000186ce860 mode 2
Event: 12.979 Thread 0x00000000164fa000 Uncommon trap: trap_request=0xffffffde fr.pc=0x0000000002897128
Event: 12.979 Thread 0x00000000164fa000 DEOPT PACKING pc=0x0000000002897128 sp=0x00000000186ce930
Event: 12.979 Thread 0x00000000164fa000 DEOPT UNPACKING pc=0x00000000023f582a sp=0x00000000186ce8b8 mode 2
Event: 12.981 loading class com/android/dx/rop/cst/Zeroes
Event: 12.981 loading class com/android/dx/rop/cst/Zeroes done


Dynamic libraries:
0x00007ff61eb70000 - 0x00007ff61eba7000 	C:\Program Files\Java\jdk1.8.0_45\bin\java.exe
0x00007ff956a90000 - 0x00007ff956c51000 	C:\WINDOWS\SYSTEM32\ntdll.dll
0x00007ff954510000 - 0x00007ff9545bd000 	C:\WINDOWS\system32\KERNEL32.DLL
0x00007ff953510000 - 0x00007ff9536f8000 	C:\WINDOWS\system32\KERNELBASE.dll
0x00007ff953ff0000 - 0x00007ff954097000 	C:\WINDOWS\system32\ADVAPI32.dll
0x00007ff9553b0000 - 0x00007ff95544d000 	C:\WINDOWS\system32\msvcrt.dll
0x00007ff954f70000 - 0x00007ff954fcb000 	C:\WINDOWS\system32\sechost.dll
0x00007ff954fd0000 - 0x00007ff9550ec000 	C:\WINDOWS\system32\RPCRT4.dll
0x00007ff954670000 - 0x00007ff9547c6000 	C:\WINDOWS\system32\USER32.dll
0x00007ff9540a0000 - 0x00007ff954226000 	C:\WINDOWS\system32\GDI32.dll
0x00007ff94d290000 - 0x00007ff94d504000 	C:\WINDOWS\WinSxS\amd64_microsoft.windows.common-controls_6595b64144ccf1df_6.0.10586.0_none_8c15ae12515e1c22\COMCTL32.dll
0x00007ff9550f0000 - 0x00007ff95536d000 	C:\WINDOWS\system32\combase.dll
0x00007ff953700000 - 0x00007ff95376a000 	C:\WINDOWS\system32\bcryptPrimitives.dll
0x00007ff955370000 - 0x00007ff9553ab000 	C:\WINDOWS\system32\IMM32.DLL
0x00007ff952f80000 - 0x00007ff952fb1000 	C:\Windows\system32\nvinitx.dll
0x00007ff952f70000 - 0x00007ff952f7a000 	C:\WINDOWS\SYSTEM32\VERSION.dll
0x00000000714b0000 - 0x0000000071582000 	C:\Program Files\Java\jdk1.8.0_45\jre\bin\msvcr100.dll
0x0000000070c20000 - 0x00000000714a3000 	C:\Program Files\Java\jdk1.8.0_45\jre\bin\server\jvm.dll
0x00007ff9547d0000 - 0x00007ff9547d8000 	C:\WINDOWS\system32\PSAPI.DLL
0x00007ff9433a0000 - 0x00007ff9433a9000 	C:\WINDOWS\SYSTEM32\WSOCK32.dll
0x00007ff954990000 - 0x00007ff9549fb000 	C:\WINDOWS\system32\WS2_32.dll
0x00007ff951260000 - 0x00007ff951283000 	C:\WINDOWS\SYSTEM32\WINMM.dll
0x00007ff951230000 - 0x00007ff95125c000 	C:\WINDOWS\SYSTEM32\WINMMBASE.dll
0x00007ff9533b0000 - 0x00007ff9533f3000 	C:\WINDOWS\system32\cfgmgr32.dll
0x0000000072210000 - 0x000000007221f000 	C:\Program Files\Java\jdk1.8.0_45\jre\bin\verify.dll
0x00000000721e0000 - 0x0000000072209000 	C:\Program Files\Java\jdk1.8.0_45\jre\bin\java.dll
0x0000000070c00000 - 0x0000000070c16000 	C:\Program Files\Java\jdk1.8.0_45\jre\bin\zip.dll
0x00007ff9554b0000 - 0x00007ff956a0c000 	C:\WINDOWS\system32\SHELL32.dll
0x00007ff953820000 - 0x00007ff953e65000 	C:\WINDOWS\system32\windows.storage.dll
0x00007ff956a30000 - 0x00007ff956a82000 	C:\WINDOWS\system32\shlwapi.dll
0x00007ff953110000 - 0x00007ff95311f000 	C:\WINDOWS\system32\kernel.appcore.dll
0x00007ff9532f0000 - 0x00007ff9533a5000 	C:\WINDOWS\system32\shcore.dll
0x00007ff9530c0000 - 0x00007ff95310b000 	C:\WINDOWS\system32\powrprof.dll
0x00007ff9530a0000 - 0x00007ff9530b4000 	C:\WINDOWS\system32\profapi.dll

VM Arguments:
jvm_args: -Djava.awt.headless=true -Xmx1024M -Dfile.encoding=windows-1251 -Duser.country=RU -Duser.language=ru -Duser.variant 
java_command: com.android.dx.command.Main --dex --force-jumbo --num-threads=4 --multi-dex --output C:\Users\digsan\AndroidStudioProjects\GitHubRx\app\build\intermediates\transforms\dex\debug\folders\1000\10\com.android.support-design-23.4.0_3b75a4b12d93b113e168a41e3410f67a91822750 C:\Users\digsan\AndroidStudioProjects\GitHubRx\app\build\intermediates\exploded-aar\com.android.support\design\23.4.0\jars\classes.jar
java_class_path (initial): C:\Users\digsan\AppData\Local\Android\sdk\build-tools\23.0.3\lib\dx.jar
Launcher Type: SUN_STANDARD

Environment Variables:
PATH=C:\Program Files (x86)\iis express\PHP\v5.4;C:\Program Files (x86)\Intel\iCLS Client\;C:\Program Files\Intel\iCLS Client\;C:\Program Files (x86)\iis express\PHP\v5.4;C:\Users\digsan\AppData\Local\Yandex\YandexBrowser\Application;C:\Program Files (x86)\Common Files\Microsoft Shared\Windows Live;C:\ProgramData\Oracle\Java\javapath;C:\Windows\system32;C:\Windows;C:\Windows\System32\Wbem;C:\Windows\System32\WindowsPowerShell\v1.0\;C:\Program Files (x86)\Intel\OpenCL SDK\2.0\bin\x86;C:\Program Files (x86)\Intel\OpenCL SDK\2.0\bin\x64;C:\Program Files (x86)\Autodesk\Backburner\;C:\Program Files\Common Files\Autodesk Shared\;C:\Program Files (x86)\Microsoft SQL Server\100\Tools\Binn\;C:\Program Files\Microsoft SQL Server\100\Tools\Binn\;C:\Program Files\Microsoft SQL Server\100\DTS\Binn\;C:\Program Files (x86)\Microsoft SQL Server\100\Tools\Binn\VSShell\Common7\IDE\;C:\Program Files (x86)\Microsoft Visual Studio 9.0\Common7\IDE\PrivateAssemblies\;C:\Program Files (x86)\Microsoft SQL Server\100\DTS\Binn\;C:\Program F;C:\Program Files\MySQL\MySQL Server 5.1\bin;C:\Program Files\Microsoft SQL Server\130\Tools\Binn\;C:\Program Files (x86)\Windows Kits\10\Windows Performance Toolkit\;C:\Program Files\Git\cmd;C:\Program Files (x86)\Skype\Phone\;C:\Program Files (x86)\Microsoft Emulator Manager\1.0\;C:\Program Files\dotnet\;C:\Users\digsan\.dnx\bin;C:\Program Files (x86)\Common Files\Microsoft Shared\Windows Live
USERNAME=digsan
OS=Windows_NT
PROCESSOR_IDENTIFIER=Intel64 Family 6 Model 58 Stepping 9, GenuineIntel



---------------  S Y S T E M  ---------------

OS: Windows 10.0 , 64 bit Build 10586 (10.0.10586.0)

CPU:total 4 (2 cores per cpu, 2 threads per core) family 6 model 58 stepping 9, cmov, cx8, fxsr, mmx, sse, sse2, sse3, ssse3, sse4.1, sse4.2, popcnt, avx, aes, clmul, erms, ht, tsc, tscinvbit, tscinv

Memory: 4k page, physical 8276464k(710800k free), swap 12421616k(4092k free)

vm_info: Java HotSpot(TM) 64-Bit Server VM (25.45-b02) for windows-amd64 JRE (1.8.0_45-b15), built on Apr 30 2015 12:40:44 by "java_re" with MS VC++ 10.0 (VS2010)

time: Sat Sep 10 20:14:39 2016
elapsed time: 13 seconds (0d 0h 0m 13s)

