#
# There is insufficient memory for the Java Runtime Environment to continue.
# Native memory allocation (malloc) failed to allocate 1089328 bytes for Chunk::new
# Possible reasons:
#   The system is out of physical RAM or swap space
#   In 32 bit mode, the process size limit was hit
# Possible solutions:
#   Reduce memory load on the system
#   Increase physical memory or swap space
#   Check if swap backing store is full
#   Use 64 bit Java on a 64 bit OS
#   Decrease Java heap size (-Xmx/-Xms)
#   Decrease number of Java threads
#   Decrease Java thread stack sizes (-Xss)
#   Set larger code cache with -XX:ReservedCodeCacheSize=
# This output file may be truncated or incomplete.
#
#  Out of Memory Error (allocation.cpp:390), pid=7788, tid=2388
#
# JRE version: Java(TM) SE Runtime Environment (8.0_45-b15) (build 1.8.0_45-b15)
# Java VM: Java HotSpot(TM) 64-Bit Server VM (25.45-b02 mixed mode windows-amd64 compressed oops)
# Failed to write core dump. Minidumps are not enabled by default on client versions of Windows
#

---------------  T H R E A D  ---------------

Current thread (0x000000001487d800):  JavaThread "C2 CompilerThread0" daemon [_thread_in_native, id=2388, stack(0x0000000015ef0000,0x0000000015ff0000)]

Stack: [0x0000000015ef0000,0x0000000015ff0000]
Native frames: (J=compiled Java code, j=interpreted, Vv=VM code, C=native code)
V  [jvm.dll+0x32b57a]
V  [jvm.dll+0x279873]
V  [jvm.dll+0x27a509]
V  [jvm.dll+0x271825]
V  [jvm.dll+0xcb9e2]
V  [jvm.dll+0xcbeac]
V  [jvm.dll+0x4929e7]
V  [jvm.dll+0x45f6ff]
V  [jvm.dll+0x46a73b]
V  [jvm.dll+0x46cd52]
V  [jvm.dll+0x4500f2]
V  [jvm.dll+0xa4352]
V  [jvm.dll+0xa4c8f]
V  [jvm.dll+0x241984]
V  [jvm.dll+0x29853a]
C  [msvcr100.dll+0x21d9f]
C  [msvcr100.dll+0x21e3b]
C  [KERNEL32.DLL+0x18102]
C  [ntdll.dll+0x5c5b4]


Current CompileTask:
C2:  13079 2137   !   4       com.android.dx.cf.cst.ConstantPoolParser::parse0 (731 bytes)


---------------  P R O C E S S  ---------------

Java Threads: ( => current thread )
  0x0000000016427000 JavaThread "pool-3-thread-1" [_thread_blocked, id=328, stack(0x00000000170f0000,0x00000000171f0000)]
  0x0000000016424000 JavaThread "pool-2-thread-1" [_thread_in_Java, id=5860, stack(0x0000000016ff0000,0x00000000170f0000)]
  0x00000000148de800 JavaThread "Service Thread" daemon [_thread_blocked, id=6912, stack(0x00000000165f0000,0x00000000166f0000)]
  0x00000000148d8800 JavaThread "C1 CompilerThread2" daemon [_thread_blocked, id=8488, stack(0x00000000164f0000,0x00000000165f0000)]
  0x000000001487f800 JavaThread "C2 CompilerThread1" daemon [_thread_in_native, id=868, stack(0x0000000015ff0000,0x00000000160f0000)]
=>0x000000001487d800 JavaThread "C2 CompilerThread0" daemon [_thread_in_native, id=2388, stack(0x0000000015ef0000,0x0000000015ff0000)]
  0x000000001487c800 JavaThread "Attach Listener" daemon [_thread_blocked, id=5832, stack(0x0000000015df0000,0x0000000015ef0000)]
  0x0000000014888000 JavaThread "Signal Dispatcher" daemon [_thread_blocked, id=2656, stack(0x0000000015cf0000,0x0000000015df0000)]
  0x0000000002182800 JavaThread "Finalizer" daemon [_thread_blocked, id=8472, stack(0x0000000015ae0000,0x0000000015be0000)]
  0x000000000217f000 JavaThread "Reference Handler" daemon [_thread_blocked, id=7040, stack(0x00000000159e0000,0x0000000015ae0000)]
  0x0000000002092800 JavaThread "main" [_thread_blocked, id=1384, stack(0x0000000001f50000,0x0000000002050000)]

Other Threads:
  0x0000000014849000 VMThread [stack: 0x00000000158e0000,0x00000000159e0000] [id=10896]
  0x0000000016111800 WatcherThread [stack: 0x00000000166f0000,0x00000000167f0000] [id=9348]

VM state:not at safepoint (normal execution)

VM Mutex/Monitor currently owned by a thread: None

Heap:
 PSYoungGen      total 71680K, used 21370K [0x00000000eab00000, 0x00000000f3700000, 0x0000000100000000)
  eden space 66560K, 24% used [0x00000000eab00000,0x00000000ebae0160,0x00000000eec00000)
  from space 5120K, 99% used [0x00000000ef100000,0x00000000ef5fe9e0,0x00000000ef600000)
  to   space 5120K, 0% used [0x00000000eec00000,0x00000000eec00000,0x00000000ef100000)
 ParOldGen       total 87552K, used 27305K [0x00000000c0000000, 0x00000000c5580000, 0x00000000eab00000)
  object space 87552K, 31% used [0x00000000c0000000,0x00000000c1aaa5b0,0x00000000c5580000)
 Metaspace       used 6338K, capacity 7128K, committed 7424K, reserved 1056768K
  class space    used 611K, capacity 656K, committed 768K, reserved 1048576K

Card table byte_map: [0x0000000011550000,0x0000000011760000] byte_map_base: 0x0000000010f50000

Marking Bits: (ParMarkBitMap*) 0x0000000071424040
 Begin Bits: [0x0000000011cc0000, 0x0000000012cc0000)
 End Bits:   [0x0000000012cc0000, 0x0000000013cc0000)

Polling page: 0x0000000000960000

CodeCache: size=245760Kb used=9901Kb max_used=9922Kb free=235858Kb
 bounds [0x0000000002190000, 0x0000000002b50000, 0x0000000011190000]
 total_blobs=2289 nmethods=2019 adapters=182
 compilation: enabled

Compilation events (10 events):
Event: 12.477 Thread 0x000000001487f800 nmethod 2138 0x0000000002b13d90 code [0x0000000002b13ec0, 0x0000000002b13f78]
Event: 12.544 Thread 0x00000000148d8800 2142       3       com.android.dx.ssa.SCCP::simulateStmt (481 bytes)
Event: 12.544 Thread 0x000000001487f800 2159       4       java.util.HashMap::resize (359 bytes)
Event: 12.547 Thread 0x00000000148d8800 nmethod 2142 0x0000000002b2e6d0 code [0x0000000002b2ea00, 0x0000000002b30978]
Event: 12.547 Thread 0x00000000148d8800 2152       2       com.android.dx.dex.code.TargetInsn::<init> (29 bytes)
Event: 12.547 Thread 0x00000000148d8800 nmethod 2152 0x0000000002ad7790 code [0x0000000002ad7900, 0x0000000002ad7b58]
Event: 12.553 Thread 0x000000001487f800 nmethod 2159 0x0000000002ad6890 code [0x0000000002ad6a20, 0x0000000002ad6f68]
Event: 12.554 Thread 0x000000001487f800 2146 %     4       com.android.dx.ssa.Dominators::run @ 89 (506 bytes)
Event: 12.612 Thread 0x000000001487f800 nmethod 2146% 0x0000000002b3df90 code [0x0000000002b3e1e0, 0x0000000002b3f718]
Event: 12.612 Thread 0x000000001487f800 2139       4       com.android.dx.ssa.ConstCollector::getConstsSortedByCountUse (386 bytes)

GC Heap History (8 events):
Event: 1.741 GC heap before
{Heap before GC invocations=1 (full 0):
 PSYoungGen      total 38400K, used 33280K [0x00000000eab00000, 0x00000000ed580000, 0x0000000100000000)
  eden space 33280K, 100% used [0x00000000eab00000,0x00000000ecb80000,0x00000000ecb80000)
  from space 5120K, 0% used [0x00000000ed080000,0x00000000ed080000,0x00000000ed580000)
  to   space 5120K, 0% used [0x00000000ecb80000,0x00000000ecb80000,0x00000000ed080000)
 ParOldGen       total 87552K, used 0K [0x00000000c0000000, 0x00000000c5580000, 0x00000000eab00000)
  object space 87552K, 0% used [0x00000000c0000000,0x00000000c0000000,0x00000000c5580000)
 Metaspace       used 5936K, capacity 6896K, committed 7040K, reserved 1056768K
  class space    used 587K, capacity 616K, committed 640K, reserved 1048576K
Event: 2.030 GC heap after
Heap after GC invocations=1 (full 0):
 PSYoungGen      total 38400K, used 5098K [0x00000000eab00000, 0x00000000ef600000, 0x0000000100000000)
  eden space 33280K, 0% used [0x00000000eab00000,0x00000000eab00000,0x00000000ecb80000)
  from space 5120K, 99% used [0x00000000ecb80000,0x00000000ed07aab8,0x00000000ed080000)
  to   space 5120K, 0% used [0x00000000ef100000,0x00000000ef100000,0x00000000ef600000)
 ParOldGen       total 87552K, used 1919K [0x00000000c0000000, 0x00000000c5580000, 0x00000000eab00000)
  object space 87552K, 2% used [0x00000000c0000000,0x00000000c01dfc40,0x00000000c5580000)
 Metaspace       used 5936K, capacity 6896K, committed 7040K, reserved 1056768K
  class space    used 587K, capacity 616K, committed 640K, reserved 1048576K
}
Event: 5.129 GC heap before
{Heap before GC invocations=2 (full 0):
 PSYoungGen      total 38400K, used 38378K [0x00000000eab00000, 0x00000000ef600000, 0x0000000100000000)
  eden space 33280K, 100% used [0x00000000eab00000,0x00000000ecb80000,0x00000000ecb80000)
  from space 5120K, 99% used [0x00000000ecb80000,0x00000000ed07aab8,0x00000000ed080000)
  to   space 5120K, 0% used [0x00000000ef100000,0x00000000ef100000,0x00000000ef600000)
 ParOldGen       total 87552K, used 1919K [0x00000000c0000000, 0x00000000c5580000, 0x00000000eab00000)
  object space 87552K, 2% used [0x00000000c0000000,0x00000000c01dfc40,0x00000000c5580000)
 Metaspace       used 6186K, capacity 7064K, committed 7424K, reserved 1056768K
  class space    used 609K, capacity 656K, committed 768K, reserved 1048576K
Event: 5.144 GC heap after
Heap after GC invocations=2 (full 0):
 PSYoungGen      total 71680K, used 5104K [0x00000000eab00000, 0x00000000ef600000, 0x0000000100000000)
  eden space 66560K, 0% used [0x00000000eab00000,0x00000000eab00000,0x00000000eec00000)
  from space 5120K, 99% used [0x00000000ef100000,0x00000000ef5fc260,0x00000000ef600000)
  to   space 5120K, 0% used [0x00000000eec00000,0x00000000eec00000,0x00000000ef100000)
 ParOldGen       total 87552K, used 7172K [0x00000000c0000000, 0x00000000c5580000, 0x00000000eab00000)
  object space 87552K, 8% used [0x00000000c0000000,0x00000000c0701048,0x00000000c5580000)
 Metaspace       used 6186K, capacity 7064K, committed 7424K, reserved 1056768K
  class space    used 609K, capacity 656K, committed 768K, reserved 1048576K
}
Event: 8.907 GC heap before
{Heap before GC invocations=3 (full 0):
 PSYoungGen      total 71680K, used 71664K [0x00000000eab00000, 0x00000000ef600000, 0x0000000100000000)
  eden space 66560K, 100% used [0x00000000eab00000,0x00000000eec00000,0x00000000eec00000)
  from space 5120K, 99% used [0x00000000ef100000,0x00000000ef5fc260,0x00000000ef600000)
  to   space 5120K, 0% used [0x00000000eec00000,0x00000000eec00000,0x00000000ef100000)
 ParOldGen       total 87552K, used 7172K [0x00000000c0000000, 0x00000000c5580000, 0x00000000eab00000)
  object space 87552K, 8% used [0x00000000c0000000,0x00000000c0701048,0x00000000c5580000)
 Metaspace       used 6288K, capacity 7128K, committed 7424K, reserved 1056768K
  class space    used 609K, capacity 656K, committed 768K, reserved 1048576K
Event: 9.125 GC heap after
Heap after GC invocations=3 (full 0):
 PSYoungGen      total 71680K, used 5104K [0x00000000eab00000, 0x00000000ef600000, 0x0000000100000000)
  eden space 66560K, 0% used [0x00000000eab00000,0x00000000eab00000,0x00000000eec00000)
  from space 5120K, 99% used [0x00000000eec00000,0x00000000ef0fc260,0x00000000ef100000)
  to   space 5120K, 0% used [0x00000000ef100000,0x00000000ef100000,0x00000000ef600000)
 ParOldGen       total 87552K, used 16519K [0x00000000c0000000, 0x00000000c5580000, 0x00000000eab00000)
  object space 87552K, 18% used [0x00000000c0000000,0x00000000c1021cc8,0x00000000c5580000)
 Metaspace       used 6288K, capacity 7128K, committed 7424K, reserved 1056768K
  class space    used 609K, capacity 656K, committed 768K, reserved 1048576K
}
Event: 12.396 GC heap before
{Heap before GC invocations=4 (full 0):
 PSYoungGen      total 71680K, used 71664K [0x00000000eab00000, 0x00000000ef600000, 0x0000000100000000)
  eden space 66560K, 100% used [0x00000000eab00000,0x00000000eec00000,0x00000000eec00000)
  from space 5120K, 99% used [0x00000000eec00000,0x00000000ef0fc260,0x00000000ef100000)
  to   space 5120K, 0% used [0x00000000ef100000,0x00000000ef100000,0x00000000ef600000)
 ParOldGen       total 87552K, used 16519K [0x00000000c0000000, 0x00000000c5580000, 0x00000000eab00000)
  object space 87552K, 18% used [0x00000000c0000000,0x00000000c1021cc8,0x00000000c5580000)
 Metaspace       used 6330K, capacity 7128K, committed 7424K, reserved 1056768K
  class space    used 609K, capacity 656K, committed 768K, reserved 1048576K
Event: 12.469 GC heap after
Heap after GC invocations=4 (full 0):
 PSYoungGen      total 71680K, used 5114K [0x00000000eab00000, 0x00000000f3700000, 0x0000000100000000)
  eden space 66560K, 0% used [0x00000000eab00000,0x00000000eab00000,0x00000000eec00000)
  from space 5120K, 99% used [0x00000000ef100000,0x00000000ef5fe9e0,0x00000000ef600000)
  to   space 5120K, 0% used [0x00000000eec00000,0x00000000eec00000,0x00000000ef100000)
 ParOldGen       total 87552K, used 27305K [0x00000000c0000000, 0x00000000c5580000, 0x00000000eab00000)
  object space 87552K, 31% used [0x00000000c0000000,0x00000000c1aaa5b0,0x00000000c5580000)
 Metaspace       used 6330K, capacity 7128K, committed 7424K, reserved 1056768K
  class space    used 609K, capacity 656K, committed 768K, reserved 1048576K
}

Deoptimization events (10 events):
Event: 9.430 Thread 0x0000000002092800 Uncommon trap: reason=unstable_if action=reinterpret pc=0x00000000027e2c88 method=com.android.dx.ssa.SCCP.simulateBranch(Lcom/android/dx/ssa/SsaInsn;)V @ 548
Event: 9.821 Thread 0x0000000016428800 Uncommon trap: reason=unstable_if action=reinterpret pc=0x000000000299d6c8 method=com.android.dx.cf.code.Ropper.processBlock(Lcom/android/dx/cf/code/ByteBlock;Lcom/android/dx/cf/code/Frame;[I)V @ 651
Event: 9.932 Thread 0x0000000016428800 Uncommon trap: reason=class_check action=maybe_recompile pc=0x00000000028da2c4 method=com.android.dx.cf.code.RopperMachine.run(Lcom/android/dx/cf/code/Frame;II)V @ 1024
Event: 9.936 Thread 0x0000000016428800 Uncommon trap: reason=class_check action=maybe_recompile pc=0x00000000028da2c4 method=com.android.dx.cf.code.RopperMachine.run(Lcom/android/dx/cf/code/Frame;II)V @ 1024
Event: 11.041 Thread 0x000000001642a800 Uncommon trap: reason=bimorphic action=maybe_recompile pc=0x00000000029fcb74 method=com.android.dx.cf.code.BytecodeArray.parseInstruction(ILcom/android/dx/cf/code/BytecodeArray$Visitor;)I @ 955
Event: 11.041 Thread 0x000000001642a800 Uncommon trap: reason=bimorphic action=maybe_recompile pc=0x00000000029fcc00 method=com.android.dx.cf.code.BytecodeArray.parseInstruction(ILcom/android/dx/cf/code/BytecodeArray$Visitor;)I @ 971
Event: 11.043 Thread 0x000000001642a800 Uncommon trap: reason=bimorphic action=maybe_recompile pc=0x00000000029fcb74 method=com.android.dx.cf.code.BytecodeArray.parseInstruction(ILcom/android/dx/cf/code/BytecodeArray$Visitor;)I @ 955
Event: 11.044 Thread 0x000000001642a800 Uncommon trap: reason=unstable_if action=reinterpret pc=0x0000000002a6a59c method=com.android.dx.cf.code.RopperMachine.run(Lcom/android/dx/cf/code/Frame;II)V @ 1500
Event: 11.916 Thread 0x0000000016424000 Uncommon trap: reason=bimorphic action=maybe_recompile pc=0x00000000029815ec method=com.android.dx.rop.code.RegisterSpec.withSimpleType()Lcom/android/dx/rop/code/RegisterSpec; @ 21
Event: 11.993 Thread 0x000000001642a800 Uncommon trap: reason=bimorphic action=maybe_recompile pc=0x00000000029815ec method=com.android.dx.rop.code.RegisterSpec.withSimpleType()Lcom/android/dx/rop/code/RegisterSpec; @ 21

Internal exceptions (6 events):
Event: 0.044 Thread 0x0000000002092800 Exception <a 'java/lang/NoSuchMethodError': Method sun.misc.Unsafe.defineClass(Ljava/lang/String;[BII)Ljava/lang/Class; name or signature does not match> (0x00000000eab12c30) thrown at [C:\re\workspace\8-2-build-windows-amd64-cygwin\jdk8u45\3627\hotspot\sr/ª-G_¦?
Event: 0.044 Thread 0x0000000002092800 Exception <a 'java/lang/NoSuchMethodError': Method sun.misc.Unsafe.prefetchRead(Ljava/lang/Object;J)V name or signature does not match> (0x00000000eab12ec0) thrown at [C:\re\workspace\8-2-build-windows-amd64-cygwin\jdk8u45\3627\hotspot\src\share\vm\prims\j¦ãXà”î?
Event: 0.956 Thread 0x000000001642a800 Implicit null exception at 0x0000000002492b17 to 0x0000000002495065
Event: 5.011 Thread 0x0000000016424000 Exception <a 'java/lang/ArrayIndexOutOfBoundsException': 18> (0x00000000ec7b5070) thrown at [C:\re\workspace\8-2-build-windows-amd64-cygwin\jdk8u45\3627\hotspot\src\share\vm\interpreter\interpreterRuntime.cpp, line 366]
Event: 5.034 Thread 0x0000000016424000 Exception <a 'java/lang/ArrayIndexOutOfBoundsException': 145> (0x00000000ec7b6b40) thrown at [C:\re\workspace\8-2-build-windows-amd64-cygwin\jdk8u45\3627\hotspot\src\share\vm\interpreter\interpreterRuntime.cpp, line 366]
Event: 5.069 Thread 0x0000000016424000 Exception <a 'java/lang/ArrayIndexOutOfBoundsException'> (0x00000000ec7b7d78) thrown at [C:\re\workspace\8-2-build-windows-amd64-cygwin\jdk8u45\3627\hotspot\src\share\vm\runtime\sharedRuntime.cpp, line 605]

Events (10 events):
Event: 11.993 Thread 0x000000001642a800 DEOPT PACKING pc=0x00000000029815ec sp=0x00000000174ee530
Event: 11.993 Thread 0x000000001642a800 DEOPT UNPACKING pc=0x00000000021d582a sp=0x00000000174ee4b8 mode 2
Event: 12.010 Thread 0x000000001642a800 DEOPT PACKING pc=0x00000000029ebd42 sp=0x00000000174ee320
Event: 12.010 Thread 0x000000001642a800 DEOPT UNPACKING pc=0x00000000021d787f sp=0x00000000174ee0e0 mode 0
Event: 12.038 Thread 0x000000001642a800 DEOPT PACKING pc=0x000000000261cf19 sp=0x00000000174ee4c0
Event: 12.038 Thread 0x000000001642a800 DEOPT UNPACKING pc=0x00000000021d787f sp=0x00000000174ee2f0 mode 0
Event: 12.396 Executing VM operation: ParallelGCFailedAllocation
Event: 12.469 Executing VM operation: ParallelGCFailedAllocation done
Event: 12.477 loading class com/android/dx/cf/iface/ParseObserver
Event: 12.477 loading class com/android/dx/cf/iface/ParseObserver done


Dynamic libraries:
0x00007ff61eb70000 - 0x00007ff61eba7000 	C:\Program Files\Java\jdk1.8.0_45\bin\java.exe
0x00007ff956a90000 - 0x00007ff956c51000 	C:\WINDOWS\SYSTEM32\ntdll.dll
0x00007ff954510000 - 0x00007ff9545bd000 	C:\WINDOWS\system32\KERNEL32.DLL
0x00007ff953510000 - 0x00007ff9536f8000 	C:\WINDOWS\system32\KERNELBASE.dll
0x00007ff953ff0000 - 0x00007ff954097000 	C:\WINDOWS\system32\ADVAPI32.dll
0x00007ff9553b0000 - 0x00007ff95544d000 	C:\WINDOWS\system32\msvcrt.dll
0x00007ff954f70000 - 0x00007ff954fcb000 	C:\WINDOWS\system32\sechost.dll
0x00007ff954fd0000 - 0x00007ff9550ec000 	C:\WINDOWS\system32\RPCRT4.dll
0x00007ff954670000 - 0x00007ff9547c6000 	C:\WINDOWS\system32\USER32.dll
0x00007ff9540a0000 - 0x00007ff954226000 	C:\WINDOWS\system32\GDI32.dll
0x00007ff94d290000 - 0x00007ff94d504000 	C:\WINDOWS\WinSxS\amd64_microsoft.windows.common-controls_6595b64144ccf1df_6.0.10586.0_none_8c15ae12515e1c22\COMCTL32.dll
0x00007ff9550f0000 - 0x00007ff95536d000 	C:\WINDOWS\system32\combase.dll
0x00007ff953700000 - 0x00007ff95376a000 	C:\WINDOWS\system32\bcryptPrimitives.dll
0x00007ff955370000 - 0x00007ff9553ab000 	C:\WINDOWS\system32\IMM32.DLL
0x00007ff952f80000 - 0x00007ff952fb1000 	C:\Windows\system32\nvinitx.dll
0x00007ff952f70000 - 0x00007ff952f7a000 	C:\WINDOWS\SYSTEM32\VERSION.dll
0x00000000714b0000 - 0x0000000071582000 	C:\Program Files\Java\jdk1.8.0_45\jre\bin\msvcr100.dll
0x0000000070c20000 - 0x00000000714a3000 	C:\Program Files\Java\jdk1.8.0_45\jre\bin\server\jvm.dll
0x00007ff9547d0000 - 0x00007ff9547d8000 	C:\WINDOWS\system32\PSAPI.DLL
0x00007ff9433a0000 - 0x00007ff9433a9000 	C:\WINDOWS\SYSTEM32\WSOCK32.dll
0x00007ff954990000 - 0x00007ff9549fb000 	C:\WINDOWS\system32\WS2_32.dll
0x00007ff951260000 - 0x00007ff951283000 	C:\WINDOWS\SYSTEM32\WINMM.dll
0x00007ff951230000 - 0x00007ff95125c000 	C:\WINDOWS\SYSTEM32\WINMMBASE.dll
0x00007ff9533b0000 - 0x00007ff9533f3000 	C:\WINDOWS\system32\cfgmgr32.dll
0x0000000072210000 - 0x000000007221f000 	C:\Program Files\Java\jdk1.8.0_45\jre\bin\verify.dll
0x00000000721e0000 - 0x0000000072209000 	C:\Program Files\Java\jdk1.8.0_45\jre\bin\java.dll
0x0000000070c00000 - 0x0000000070c16000 	C:\Program Files\Java\jdk1.8.0_45\jre\bin\zip.dll
0x00007ff9554b0000 - 0x00007ff956a0c000 	C:\WINDOWS\system32\SHELL32.dll
0x00007ff953820000 - 0x00007ff953e65000 	C:\WINDOWS\system32\windows.storage.dll
0x00007ff956a30000 - 0x00007ff956a82000 	C:\WINDOWS\system32\shlwapi.dll
0x00007ff953110000 - 0x00007ff95311f000 	C:\WINDOWS\system32\kernel.appcore.dll
0x00007ff9532f0000 - 0x00007ff9533a5000 	C:\WINDOWS\system32\shcore.dll
0x00007ff9530c0000 - 0x00007ff95310b000 	C:\WINDOWS\system32\powrprof.dll
0x00007ff9530a0000 - 0x00007ff9530b4000 	C:\WINDOWS\system32\profapi.dll
0x00007ff92a640000 - 0x00007ff92a7cc000 	C:\WINDOWS\SYSTEM32\dbghelp.dll

VM Arguments:
jvm_args: -Djava.awt.headless=true -Xmx1024M -Dfile.encoding=windows-1251 -Duser.country=RU -Duser.language=ru -Duser.variant 
java_command: com.android.dx.command.Main --dex --force-jumbo --num-threads=4 --multi-dex --output C:\Users\digsan\AndroidStudioProjects\GitHubRx\app\build\intermediates\transforms\dex\debug\folders\1000\10\okhttp-3.3.0_affab177777ec74f36e48d32bb8a7e710e0f79ae C:\Users\digsan\.gradle\caches\modules-2\files-2.1\com.squareup.okhttp3\okhttp\3.3.0\2b802460eea20f8f2ad9c08c74e0f14718e88aa9\okhttp-3.3.0.jar
java_class_path (initial): C:\Users\digsan\AppData\Local\Android\sdk\build-tools\23.0.3\lib\dx.jar
Launcher Type: SUN_STANDARD

Environment Variables:
PATH=C:\Program Files (x86)\iis express\PHP\v5.4;C:\Program Files (x86)\Intel\iCLS Client\;C:\Program Files\Intel\iCLS Client\;C:\Program Files (x86)\iis express\PHP\v5.4;C:\Users\digsan\AppData\Local\Yandex\YandexBrowser\Application;C:\Program Files (x86)\Common Files\Microsoft Shared\Windows Live;C:\ProgramData\Oracle\Java\javapath;C:\Windows\system32;C:\Windows;C:\Windows\System32\Wbem;C:\Windows\System32\WindowsPowerShell\v1.0\;C:\Program Files (x86)\Intel\OpenCL SDK\2.0\bin\x86;C:\Program Files (x86)\Intel\OpenCL SDK\2.0\bin\x64;C:\Program Files (x86)\Autodesk\Backburner\;C:\Program Files\Common Files\Autodesk Shared\;C:\Program Files (x86)\Microsoft SQL Server\100\Tools\Binn\;C:\Program Files\Microsoft SQL Server\100\Tools\Binn\;C:\Program Files\Microsoft SQL Server\100\DTS\Binn\;C:\Program Files (x86)\Microsoft SQL Server\100\Tools\Binn\VSShell\Common7\IDE\;C:\Program Files (x86)\Microsoft Visual Studio 9.0\Common7\IDE\PrivateAssemblies\;C:\Program Files (x86)\Microsoft SQL Server\100\DTS\Binn\;C:\Program F;C:\Program Files\MySQL\MySQL Server 5.1\bin;C:\Program Files\Microsoft SQL Server\130\Tools\Binn\;C:\Program Files (x86)\Windows Kits\10\Windows Performance Toolkit\;C:\Program Files\Git\cmd;C:\Program Files (x86)\Skype\Phone\;C:\Program Files (x86)\Microsoft Emulator Manager\1.0\;C:\Program Files\dotnet\;C:\Users\digsan\.dnx\bin;C:\Program Files (x86)\Common Files\Microsoft Shared\Windows Live
USERNAME=digsan
OS=Windows_NT
PROCESSOR_IDENTIFIER=Intel64 Family 6 Model 58 Stepping 9, GenuineIntel



---------------  S Y S T E M  ---------------

OS: Windows 10.0 , 64 bit Build 10586 (10.0.10586.0)

CPU:total 4 (2 cores per cpu, 2 threads per core) family 6 model 58 stepping 9, cmov, cx8, fxsr, mmx, sse, sse2, sse3, ssse3, sse4.1, sse4.2, popcnt, avx, aes, clmul, erms, ht, tsc, tscinvbit, tscinv

Memory: 4k page, physical 8276464k(710800k free), swap 12421616k(4092k free)

vm_info: Java HotSpot(TM) 64-Bit Server VM (25.45-b02) for windows-amd64 JRE (1.8.0_45-b15), built on Apr 30 2015 12:40:44 by "java_re" with MS VC++ 10.0 (VS2010)

time: Sat Sep 10 20:14:39 2016
elapsed time: 13 seconds (0d 0h 0m 13s)

